TN:
SF:src/RentalUintFactory.sol
FN:11,RentalUintFactory.deployRentalUnit
FNDA:0,RentalUintFactory.deployRentalUnit
DA:12,0
DA:14,0
BRDA:14,0,0,-
BRDA:14,0,1,-
DA:15,0
DA:17,0
DA:19,0
DA:22,0
FN:25,RentalUintFactory.computeTokenAddress
FNDA:0,RentalUintFactory.computeTokenAddress
DA:30,0
FNF:2
FNH:0
LF:7
LH:0
BRF:2
BRH:0
end_of_record
TN:
SF:src/RentalUnit.sol
FN:30,RentalUnit.
FNDA:53,RentalUnit.
DA:31,53
DA:33,53
BRDA:33,0,0,1
DA:35,52
BRDA:35,1,0,1
DA:37,51
BRDA:37,2,0,1
DA:39,50
BRDA:39,3,0,1
DA:41,49
BRDA:41,4,0,1
DA:43,48
BRDA:43,5,0,1
DA:45,47
BRDA:45,6,0,1
DA:47,46
BRDA:47,7,0,1
DA:49,45
FN:55,RentalUnit.addSeason
FNDA:14,RentalUnit.addSeason
DA:56,13
BRDA:56,8,0,1
DA:58,12
BRDA:58,9,0,1
DA:60,11
BRDA:60,10,0,2
DA:62,9
DA:64,9
DA:66,9
DA:68,9
DA:70,9
FN:73,RentalUnit.reserve
FNDA:13,RentalUnit.reserve
DA:74,13
BRDA:74,11,0,1
DA:76,12
BRDA:76,12,0,1
DA:78,11
BRDA:78,13,0,2
DA:80,9
BRDA:80,14,0,1
DA:82,8
DA:83,8
DA:85,8
DA:86,8
BRDA:86,15,0,2
DA:87,2
DA:90,6
DA:91,6
DA:93,6
BRDA:93,16,0,1
BRDA:93,16,1,5
DA:94,1
DA:96,5
DA:99,6
DA:101,6
BRDA:101,17,0,1
DA:102,1
DA:105,5
DA:106,5
DA:107,5
DA:108,5
DA:110,5
DA:112,5
DA:113,5
DA:114,5
DA:116,5
DA:118,5
DA:120,5
FN:123,RentalUnit.setCurrentSeason
FNDA:9,RentalUnit.setCurrentSeason
DA:124,8
DA:126,8
BRDA:126,18,0,1
DA:127,1
DA:130,7
DA:132,7
FN:135,RentalUnit.setPause
FNDA:8,RentalUnit.setPause
DA:136,6
FN:139,RentalUnit.updateCapacity
FNDA:3,RentalUnit.updateCapacity
DA:140,2
BRDA:140,19,0,1
DA:142,1
DA:144,1
FN:147,RentalUnit.updateCategory
FNDA:2,RentalUnit.updateCategory
DA:148,1
DA:150,1
FN:153,RentalUnit.updateImagesUrl
FNDA:3,RentalUnit.updateImagesUrl
DA:154,2
BRDA:154,20,0,1
DA:156,1
DA:158,1
FN:161,RentalUnit.updateDescriptions
FNDA:2,RentalUnit.updateDescriptions
DA:162,1
DA:164,1
FN:167,RentalUnit.updatePricePerNight
FNDA:3,RentalUnit.updatePricePerNight
DA:168,2
BRDA:168,21,0,1
DA:170,1
DA:172,1
FN:175,RentalUnit.withdraw
FNDA:0,RentalUnit.withdraw
DA:176,0
DA:178,0
FN:181,RentalUnit.checkAvailability
FNDA:10,RentalUnit.checkAvailability
DA:182,10
BRDA:182,22,0,-
DA:183,10
BRDA:183,23,0,-
DA:184,10
BRDA:184,24,0,-
DA:186,10
DA:187,10
BRDA:187,25,0,-
DA:188,0
DA:192,10
DA:193,10
DA:194,10
DA:195,10
DA:196,10
DA:197,10
DA:199,10
BRDA:199,26,0,2
BRDA:199,26,1,8
DA:200,2
DA:202,8
DA:205,10
DA:208,10
DA:209,10
DA:211,10
BRDA:211,27,0,5
DA:212,5
DA:215,5
FN:218,RentalUnit.endTime
FNDA:4,RentalUnit.endTime
DA:219,4
BRDA:219,28,0,-
DA:220,0
DA:222,4
FN:225,RentalUnit.expiryType
FNDA:0,RentalUnit.expiryType
DA:226,0
FN:229,RentalUnit.getInfo
FNDA:6,RentalUnit.getInfo
DA:230,6
FN:233,RentalUnit.getSeason
FNDA:1,RentalUnit.getSeason
DA:234,1
FN:237,RentalUnit.getSetSeasonId
FNDA:1,RentalUnit.getSetSeasonId
DA:238,1
FN:241,RentalUnit.isTokenExpired
FNDA:0,RentalUnit.isTokenExpired
DA:242,0
BRDA:242,29,0,-
DA:243,0
DA:245,0
DA:246,0
DA:248,0
BRDA:248,30,0,-
BRDA:248,30,1,-
DA:249,0
DA:251,0
FN:255,RentalUnit.startTime
FNDA:4,RentalUnit.startTime
DA:256,4
BRDA:256,31,0,-
DA:257,0
DA:259,4
FN:262,RentalUnit.paused
FNDA:6,RentalUnit.paused
DA:263,6
FN:269,RentalUnit.name
FNDA:0,RentalUnit.name
DA:270,0
FN:273,RentalUnit.symbol
FNDA:0,RentalUnit.symbol
DA:274,0
FN:277,RentalUnit.tokenURI
FNDA:0,RentalUnit.tokenURI
DA:278,0
FN:281,RentalUnit.reservationCost
FNDA:10,RentalUnit.reservationCost
DA:284,19
FN:287,RentalUnit.supportsInterface
FNDA:0,RentalUnit.supportsInterface
DA:288,0
FN:294,RentalUnit._beforeTokenTransfer
FNDA:5,RentalUnit._beforeTokenTransfer
DA:295,0
BRDA:295,32,0,-
DA:297,5
BRDA:297,33,0,-
DA:298,0
FN:302,RentalUnit._setPause
FNDA:6,RentalUnit._setPause
DA:303,6
BRDA:303,34,0,2
DA:304,4
DA:305,4
FNF:27
FNH:20
LF:117
LH:98
BRF:38
BRH:27
end_of_record
