TN:
SF:src/RentalUnit.sol
FN:29,RentalUnit.
FNDA:75,RentalUnit.
DA:30,75
DA:32,75
BRDA:32,0,0,1
DA:34,74
BRDA:34,1,0,1
DA:36,73
BRDA:36,2,0,1
DA:38,72
BRDA:38,3,0,1
DA:40,71
BRDA:40,4,0,1
DA:42,70
BRDA:42,5,0,1
DA:44,69
BRDA:44,6,0,1
DA:46,68
BRDA:46,7,0,1
DA:48,67
FN:54,RentalUnit.addSeason
FNDA:20,RentalUnit.addSeason
DA:55,19
BRDA:55,8,0,1
DA:57,18
BRDA:57,9,0,1
DA:59,17
BRDA:59,10,0,2
DA:61,15
DA:63,15
DA:65,15
DA:67,15
DA:69,15
FN:72,RentalUnit.reserve
FNDA:19,RentalUnit.reserve
DA:73,19
BRDA:73,11,0,1
DA:75,18
BRDA:75,12,0,1
DA:77,17
BRDA:77,13,0,2
DA:79,15
BRDA:79,14,0,1
DA:81,14
DA:82,14
DA:84,14
BRDA:84,15,0,2
DA:85,2
DA:88,12
DA:89,12
DA:91,12
BRDA:91,16,0,1
BRDA:91,16,1,11
DA:92,1
DA:94,11
DA:97,12
DA:99,12
BRDA:99,17,0,1
DA:100,1
DA:103,11
DA:105,11
DA:107,11
DA:108,11
DA:109,11
DA:111,11
DA:113,11
DA:115,10
FN:118,RentalUnit.setCurrentSeason
FNDA:15,RentalUnit.setCurrentSeason
DA:119,14
DA:121,14
BRDA:121,18,0,1
DA:122,1
DA:125,13
DA:127,13
FN:130,RentalUnit.setPause
FNDA:9,RentalUnit.setPause
DA:131,7
FN:134,RentalUnit.updateCapacity
FNDA:3,RentalUnit.updateCapacity
DA:135,2
BRDA:135,19,0,1
DA:137,1
DA:139,1
FN:142,RentalUnit.updateCategory
FNDA:2,RentalUnit.updateCategory
DA:143,1
DA:145,1
FN:148,RentalUnit.updateImagesUrl
FNDA:3,RentalUnit.updateImagesUrl
DA:149,2
BRDA:149,20,0,1
DA:151,1
DA:153,1
FN:156,RentalUnit.updateDescriptions
FNDA:2,RentalUnit.updateDescriptions
DA:157,1
DA:159,1
FN:162,RentalUnit.updatePricePerNight
FNDA:3,RentalUnit.updatePricePerNight
DA:163,2
BRDA:163,21,0,1
DA:165,1
DA:167,1
FN:170,RentalUnit.withdraw
FNDA:2,RentalUnit.withdraw
DA:171,1
DA:173,1
FN:176,RentalUnit.checkAvailability
FNDA:14,RentalUnit.checkAvailability
DA:177,14
BRDA:177,22,0,1
DA:178,13
BRDA:178,23,0,1
DA:179,12
BRDA:179,24,0,1
DA:181,11
DA:182,11
BRDA:182,25,0,1
DA:183,1
DA:186,10
DA:187,10
DA:188,10
DA:190,10
BRDA:190,26,0,2
BRDA:190,26,1,8
DA:191,2
DA:193,8
DA:196,10
BRDA:196,27,0,5
DA:197,5
DA:200,5
FN:203,RentalUnit.endTime
FNDA:5,RentalUnit.endTime
DA:204,5
BRDA:204,28,0,1
DA:205,1
DA:207,4
FN:210,RentalUnit.expiryType
FNDA:1,RentalUnit.expiryType
DA:211,1
FN:214,RentalUnit.getInfo
FNDA:6,RentalUnit.getInfo
DA:215,6
FN:218,RentalUnit.getSeason
FNDA:1,RentalUnit.getSeason
DA:219,1
FN:222,RentalUnit.getSetSeasonId
FNDA:1,RentalUnit.getSetSeasonId
DA:223,1
FN:226,RentalUnit.isTokenExpired
FNDA:4,RentalUnit.isTokenExpired
DA:227,4
BRDA:227,29,0,1
DA:228,1
DA:231,3
FN:234,RentalUnit.startTime
FNDA:5,RentalUnit.startTime
DA:235,5
BRDA:235,30,0,1
DA:236,1
DA:238,4
FN:241,RentalUnit.paused
FNDA:6,RentalUnit.paused
DA:242,6
FN:248,RentalUnit.name
FNDA:1,RentalUnit.name
DA:249,1
FN:252,RentalUnit.symbol
FNDA:1,RentalUnit.symbol
DA:253,1
FN:256,RentalUnit.tokenURI
FNDA:1,RentalUnit.tokenURI
DA:257,1
FN:260,RentalUnit.reservationCost
FNDA:16,RentalUnit.reservationCost
DA:263,31
FN:266,RentalUnit.supportsInterface
FNDA:6,RentalUnit.supportsInterface
DA:267,6
DA:268,4
FN:274,RentalUnit._beforeTokenTransfer
FNDA:12,RentalUnit._beforeTokenTransfer
DA:275,1
BRDA:275,31,0,1
DA:277,11
BRDA:277,32,0,1
DA:278,1
FN:282,RentalUnit._setPause
FNDA:7,RentalUnit._setPause
DA:283,7
BRDA:283,33,0,2
DA:284,5
DA:285,5
FNF:27
FNH:27
LF:104
LH:104
BRF:36
BRH:36
end_of_record
TN:
SF:src/RentalUnitFactory.sol
FN:11,RentalUnitFactory.deployRentalUnit
FNDA:4,RentalUnitFactory.deployRentalUnit
DA:12,4
DA:14,4
BRDA:14,0,0,3
BRDA:14,0,1,1
DA:15,3
DA:17,3
DA:19,1
DA:22,4
FN:25,RentalUnitFactory.computeTokenAddress
FNDA:1,RentalUnitFactory.computeTokenAddress
DA:30,2
FNF:2
FNH:2
LF:7
LH:7
BRF:2
BRH:2
end_of_record
